= Host-specific information ====================================================
$> hostname; uname -msr
e1r12p17.42.fr
Darwin 15.6.0 x86_64
$> date
Tue Mar 14 17:26:54 CET 2017
$> gcc --version
Configured with: --prefix=/Applications/Xcode.app/Contents/Developer/usr --with-gxx-include-dir=/usr/include/c++/4.2.1
Apple LLVM version 8.0.0 (clang-800.0.42.1)
Target: x86_64-apple-darwin15.6.0
Thread model: posix
InstalledDir: /Applications/Xcode.app/Contents/Developer/Toolchains/XcodeDefault.xctoolchain/usr/bin
$> clang --version
Apple LLVM version 8.0.0 (clang-800.0.42.1)
Target: x86_64-apple-darwin15.6.0
Thread model: posix
InstalledDir: /Applications/Xcode.app/Contents/Developer/Toolchains/XcodeDefault.xctoolchain/usr/bin

= User files collection ========================================================
Collecting user files from Vogsphere
Repository URL: auto-exam/2017/c-exam-beginner/practice-exam_20170314/tjacquin

= Git history ==================================================================
$> git -C /var/folders/2f/0p7y9bls67s4vyyh9k2f0z4r0000gq/T/tmpi_S6Po/user log --pretty='%H - %an, %ad : %s'
d24d1e816bc7328270fdd9d5a41eee663ab42c29 - Thomas JACQUIN, Tue Mar 14 17:26:47 2017 +0100 : pgcd
 
= Collected files ==========================================
$> ls -lAR /var/folders/2f/0p7y9bls67s4vyyh9k2f0z4r0000gq/T/tmpi_S6Po/user
total 8
-rw-r--r--  1 deepthought  deepthought  260 Mar 14 17:26 __GIT_HISTORY
drwxr-xr-x  3 deepthought  deepthought  102 Mar 14 17:26 pgcd

/var/folders/2f/0p7y9bls67s4vyyh9k2f0z4r0000gq/T/tmpi_S6Po/user/pgcd:
total 8
-rw-r--r--  1 deepthought  deepthought  1662 Mar 14 17:26 pgcd.c
 
= pgcd =========================================================================
$> clang -Wextra -Wall -Werror pgcd.c -o user_exe 

= Test 1 ===================================================
$> ./v6uwc4d0yh0oitfycx2dg77d "920556" "1980488"
$> diff -U 3 user_output_test1 test1.output | cat -e

Diff OK :D
= Test 2 ===================================================
$> ./fjfud3w8odewij8ngzczgm2q "110360" "116932"
$> diff -U 3 user_output_test2 test2.output | cat -e

Diff OK :D
= Test 3 ===================================================
$> ./b4vk9gx7yyjoessqyl4a82xj "9001392" "2568344"
$> diff -U 3 user_output_test3 test3.output | cat -e

Diff OK :D
= Test 4 ===================================================
$> ./6qeoq4qoskw50136wyzwq10f "4696941" "4664522"
$> diff -U 3 user_output_test4 test4.output | cat -e

Diff OK :D
= Test 5 ===================================================
$> ./m8txyjmepsvfiiv27wftiqz1 "2184164" "5139728"
$> diff -U 3 user_output_test5 test5.output | cat -e

Diff OK :D
= Test 6 ===================================================
$> ./eds3j8bbbpqiecspbgbp1zn1 "168857" "103974"
$> diff -U 3 user_output_test6 test6.output | cat -e

Diff OK :D
= Test 7 ===================================================
$> ./tky7sv39jkkqu42rkxxroi7a "1741531" "451333"
$> diff -U 3 user_output_test7 test7.output | cat -e

Diff OK :D
= Test 8 ===================================================
$> ./ezjtn51j871zlqrn4vrmgsx2 "1803684" "3539916"
$> diff -U 3 user_output_test8 test8.output | cat -e

Diff OK :D
= Test 9 ===================================================
$> ./2o5i7oy6195iesdbv1ryblon "6459449" "608205"
$> diff -U 3 user_output_test9 test9.output | cat -e

Diff OK :D
= Test 10 ==================================================
$> ./4oanl3hr7ecq2a4j1ax86ipg "10166382" "148932"
$> diff -U 3 user_output_test10 test10.output | cat -e

Diff OK :D
= Test 11 ==================================================
$> ./z55bz7esilw1vwma7ibe7s6t "13522854" "8166288"
$> diff -U 3 user_output_test11 test11.output | cat -e

Diff OK :D
= Test 12 ==================================================
$> ./wcb4hzyt7bczsa9dus3rktuz "15" "18"
$> diff -U 3 user_output_test12 test12.output | cat -e

Diff OK :D
= Test 13 ==================================================
$> ./j0w8yiqdokxfctb84xfq86vp "1" "17"
$> diff -U 3 user_output_test13 test13.output | cat -e

Diff OK :D
= Test 14 ==================================================
$> ./m3aopngpkvwsqxl2ysk3swhw "17" "33"
$> diff -U 3 user_output_test14 test14.output | cat -e

Diff OK :D
= Test 15 ==================================================
$> ./pgs4tnmlpl7ooyjfiu1updp3 "42" "4324232"
$> diff -U 3 user_output_test15 test15.output | cat -e

Diff OK :D
Grade: 1

= Final grade: 1 ===============================================================
