= Host-specific information ====================================================
$> hostname; uname -msr
e2r8p10.42.fr
Darwin 15.6.0 x86_64
$> date
Tue Mar 14 17:42:39 CET 2017
$> gcc --version
Configured with: --prefix=/Applications/Xcode.app/Contents/Developer/usr --with-gxx-include-dir=/usr/include/c++/4.2.1
Apple LLVM version 8.0.0 (clang-800.0.42.1)
Target: x86_64-apple-darwin15.6.0
Thread model: posix
InstalledDir: /Applications/Xcode.app/Contents/Developer/Toolchains/XcodeDefault.xctoolchain/usr/bin
$> clang --version
Apple LLVM version 8.0.0 (clang-800.0.42.1)
Target: x86_64-apple-darwin15.6.0
Thread model: posix
InstalledDir: /Applications/Xcode.app/Contents/Developer/Toolchains/XcodeDefault.xctoolchain/usr/bin

= User files collection ========================================================
Collecting user files from Vogsphere
Repository URL: auto-exam/2017/c-exam-beginner/practice-exam_20170314/tjacquin

= Git history ==================================================================
$> git -C /var/folders/jz/vnqqnxr91sxf2twph2m5rqd00000gq/T/tmplb28CA/user log --pretty='%H - %an, %ad : %s'
01a40bab77c0331f3f03db3b0c01886e1e8986b4 - Thomas JACQUIN, Tue Mar 14 17:42:27 2017 +0100 : sortlol
d24d1e816bc7328270fdd9d5a41eee663ab42c29 - Thomas JACQUIN, Tue Mar 14 17:26:47 2017 +0100 : pgcd
 
= Collected files ==========================================
$> ls -lAR /var/folders/jz/vnqqnxr91sxf2twph2m5rqd00000gq/T/tmplb28CA/user
total 8
-rw-r--r--  1 deepthought  deepthought  518 Mar 14 17:42 __GIT_HISTORY
drwxr-xr-x  3 deepthought  deepthought  102 Mar 14 17:42 pgcd
drwxr-xr-x  3 deepthought  deepthought  102 Mar 14 17:42 sort_list

/var/folders/jz/vnqqnxr91sxf2twph2m5rqd00000gq/T/tmplb28CA/user/pgcd:
total 8
-rw-r--r--  1 deepthought  deepthought  1662 Mar 14 17:42 pgcd.c

/var/folders/jz/vnqqnxr91sxf2twph2m5rqd00000gq/T/tmplb28CA/user/sort_list:
total 8
-rw-r--r--  1 deepthought  deepthought  1382 Mar 14 17:42 sort_list.c
 
= sort_list ====================================================================
$> clang -Wextra -Wall -Werror sort_list.c main.c -o user_exe 
sort_list.c:26:3: error: variable 'l' is uninitialized when used here [-Werror,-Wuninitialized]
                l++;
                ^
sort_list.c:19:7: note: initialize the variable 'l' to silence this warning
        int l;
             ^
              = 0
1 error generated.

Could not compile 'user_exe'
Grade: 0

= Final grade: 0 ===============================================================
