= Host-specific information ====================================================
$> hostname; uname -msr
e2r7p16.42.fr
Darwin 15.6.0 x86_64
$> date
Wed Mar 15 22:44:32 CET 2017
$> gcc --version
Configured with: --prefix=/Applications/Xcode.app/Contents/Developer/usr --with-gxx-include-dir=/usr/include/c++/4.2.1
Apple LLVM version 8.0.0 (clang-800.0.42.1)
Target: x86_64-apple-darwin15.6.0
Thread model: posix
InstalledDir: /Applications/Xcode.app/Contents/Developer/Toolchains/XcodeDefault.xctoolchain/usr/bin
$> clang --version
Apple LLVM version 8.0.0 (clang-800.0.42.1)
Target: x86_64-apple-darwin15.6.0
Thread model: posix
InstalledDir: /Applications/Xcode.app/Contents/Developer/Toolchains/XcodeDefault.xctoolchain/usr/bin

= User files collection ========================================================
Collecting user files from Vogsphere
Repository URL: auto-exam/2017/c-exam-beginner/practice-exam_20170315/tjacquin2

= Git history ==================================================================
$> git -C /var/folders/jj/1xfftlz93fj_0sq3t4d370yh0000gq/T/tmpGMLC_p/user log --pretty='%H - %an, %ad : %s'
43cca31eaecbf81b1dc38f2f0203ba15d780ec76 - Thomas JACQUIN, Wed Mar 15 22:41:13 2017 +0100 : split
4e8f7cb17bd70508af3a5e398136876468b2178a - Thomas JACQUIN, Wed Mar 15 20:47:42 2017 +0100 : rstr
 
= Collected files ==========================================
$> ls -lAR /var/folders/jj/1xfftlz93fj_0sq3t4d370yh0000gq/T/tmpGMLC_p/user
total 8
-rw-r--r--  1 deepthought  deepthought  522 Mar 15 22:44 __GIT_HISTORY
drwxr-xr-x  3 deepthought  deepthought  102 Mar 15 22:44 ft_split
drwxr-xr-x  3 deepthought  deepthought  102 Mar 15 22:44 rstr_capitalizer

/var/folders/jj/1xfftlz93fj_0sq3t4d370yh0000gq/T/tmpGMLC_p/user/ft_split:
total 8
-rw-r--r--  1 deepthought  deepthought  1260 Mar 15 22:44 ft_split.c

/var/folders/jj/1xfftlz93fj_0sq3t4d370yh0000gq/T/tmpGMLC_p/user/rstr_capitalizer:
total 8
-rw-r--r--  1 deepthought  deepthought  1549 Mar 15 22:44 rstr_capitalizer.c
 
= ft_split =====================================================================
$> clang -Wextra -Wall -Werror ft_split.c main.c -o user_exe 

= Test 1 ===================================================
$> ./h0d62ctlijiwe88u7gnjodpj ""
$> diff -U 3 user_output_test1 test1.output | cat -e

Diff OK :D
= Test 2 ===================================================
$> ./gmpnr9gyuqeiu33xstavbn57 " 	"
$> diff -U 3 user_output_test2 test2.output | cat -e
--- user_output_test2	2017-03-15 22:44:34.000000000 +0100$
+++ test2.output	2017-03-15 22:44:34.000000000 +0100$
@@ -1 +0,0 @@$
-SHELL=/bin/zsh$

Diff KO :(
Grade: 0

= Final grade: 0 ===============================================================
